<?xml version="1.0" encoding="UTF-8"?>
<!-- Generated by org.testng.reporters.JUnitReportReporter -->
<testsuite hostname="KN" failures="0" tests="2" name="TestngStudy.AnnoTationStudty" time="0.013" errors="0" timestamp="2022-06-22T23:23:01 IST" skipped="0">
  <testcase classname="TestngStudy.AnnoTationStudty" name="validateDashboard" time="0.002"/>
  <system-out>
    <![CDATA[DashBoardValidated]]>
  </system-out>
  <testcase classname="TestngStudy.AnnoTationStudty" name="ValidateUserId" time="0.011"/>
  <system-out>
    <![CDATA[UserIdValidated]]>
  </system-out>
</testsuite> <!-- TestngStudy.AnnoTationStudty -->
