<?xml version="1.0" encoding="UTF-8"?>
<!-- Generated by org.testng.reporters.JUnitReportReporter -->
<testsuite hostname="KN" failures="0" tests="2" name="TestngKeywords.DependsonMethods" time="0.011" errors="0" timestamp="2022-06-23T16:56:35 IST" skipped="0">
  <testcase classname="TestngKeywords.DependsonMethods" name="TC2" time="0.001"/>
  <system-out>
    <![CDATA[TC2 IS RUNNING ]]>
  </system-out>
  <testcase classname="TestngKeywords.DependsonMethods" name="TC1" time="0.010"/>
  <system-out>
    <![CDATA[TC1 IS RUNNING ]]>
  </system-out>
</testsuite> <!-- TestngKeywords.DependsonMethods -->
