<?xml version="1.0" encoding="UTF-8"?>
<!-- Generated by org.testng.reporters.JUnitReportReporter -->
<testsuite hostname="KN" failures="0" tests="3" name="TestngKeywords.TimeOutUseTest" time="0.022" errors="0" timestamp="2022-06-23T14:05:04 IST" skipped="0">
  <testcase classname="TestngKeywords.TimeOutUseTest" name="TC1" time="0.014"/>
  <system-out>
    <![CDATA[TC1 IS RUNNING ]]>
  </system-out>
  <testcase classname="TestngKeywords.TimeOutUseTest" name="TC2" time="0.007"/>
  <system-out>
    <![CDATA[TC2 IS RUNNING ]]>
  </system-out>
  <testcase classname="TestngKeywords.TimeOutUseTest" name="TC3" time="0.001"/>
  <system-out>
    <![CDATA[TC3 IS RUNNING ]]>
  </system-out>
</testsuite> <!-- TestngKeywords.TimeOutUseTest -->
