<?xml version="1.0" encoding="UTF-8"?>
<!-- Generated by org.testng.reporters.JUnitReportReporter -->
<testsuite hostname="KN" failures="0" tests="1" name="KiteTest.ValidateUserid" time="3.118" errors="0" timestamp="2022-07-04T20:04:42 IST" skipped="0">
  <testcase classname="KiteTest.ValidateUserid" name="validateUserId" time="3.118"/>
  <system-out/>
</testsuite> <!-- KiteTest.ValidateUserid -->
