<?xml version="1.0" encoding="UTF-8"?>
<!-- Generated by org.testng.reporters.JUnitReportReporter -->
<testsuite hostname="KN" failures="0" tests="4" name="testngGroupping.NewTest1" time="0.018" errors="0" timestamp="2022-06-28T15:49:06 IST" skipped="0">
  <testcase classname="testngGroupping.NewTest1" name="TC3" time="0.001"/>
  <system-out>
    <![CDATA[TC3 IS RUNNING ]]>
  </system-out>
  <testcase classname="testngGroupping.NewTest1" name="TC4" time="0.001"/>
  <system-out>
    <![CDATA[TC4 IS RUNNING ]]>
  </system-out>
  <testcase classname="testngGroupping.NewTest1" name="TC2" time="0.002"/>
  <system-out>
    <![CDATA[TC2 IS RUNNING ]]>
  </system-out>
  <testcase classname="testngGroupping.NewTest1" name="TC1" time="0.014"/>
  <system-out>
    <![CDATA[TC1 IS RUNNING ]]>
  </system-out>
</testsuite> <!-- testngGroupping.NewTest1 -->
