<?xml version="1.0" encoding="UTF-8"?>
<!-- Generated by org.testng.reporters.JUnitReportReporter -->
<testsuite hostname="KN" failures="0" tests="1" name="TestngStudy.AnnoTationStudtyTest1" time="0.010" errors="0" timestamp="2022-06-22T23:40:59 IST" skipped="0">
  <testcase classname="TestngStudy.AnnoTationStudtyTest1" name="RechargePhone" time="0.010"/>
  <system-out>
    <![CDATA[RechargeDone]]>
  </system-out>
</testsuite> <!-- TestngStudy.AnnoTationStudtyTest1 -->
