<?xml version="1.0" encoding="UTF-8"?>
<!-- Generated by org.testng.reporters.JUnitReportReporter -->
<testsuite hostname="KN" failures="0" tests="4" name="TestngKeywords.EnableuseUseTest" time="0.014" errors="0" timestamp="2022-06-23T13:49:06 IST" skipped="2">
  <testcase classname="TestngKeywords.EnableuseUseTest" name="TC3" time="0.001"/>
  <system-out>
    <![CDATA[TC3 IS RUNNING ]]>
  </system-out>
  <testcase classname="TestngKeywords.EnableuseUseTest" name="TC1" time="0.013"/>
  <system-out>
    <![CDATA[TC1 IS RUNNING ]]>
  </system-out>
  <testcase classname="TestngKeywords.EnableuseUseTest" name="TC4">
    <skipped/>
  </testcase> <!-- TC4 -->
  <system-out/>
  <testcase classname="TestngKeywords.EnableuseUseTest" name="TC2">
    <skipped/>
  </testcase> <!-- TC2 -->
  <system-out/>
</testsuite> <!-- TestngKeywords.EnableuseUseTest -->
