<?xml version="1.0" encoding="UTF-8"?>
<!-- Generated by org.testng.reporters.JUnitReportReporter -->
<testsuite hostname="KN" failures="0" tests="1" name="CrossBrowsertest.Firefoxtest" time="14.409" errors="0" timestamp="2022-06-30T09:19:45 IST" skipped="0">
  <testcase classname="CrossBrowsertest.Firefoxtest" name="myMethod" time="14.409"/>
  <system-out/>
</testsuite> <!-- CrossBrowsertest.Firefoxtest -->
