<?xml version="1.0" encoding="UTF-8"?>
<!-- Generated by org.testng.reporters.JUnitReportReporter -->
<testsuite hostname="KN" failures="0" tests="4" name="testngGroupping.NewTest2" time="0.019" errors="0" timestamp="2022-06-28T15:47:30 IST" skipped="0">
  <testcase classname="testngGroupping.NewTest2" name="d" time="0.002"/>
  <system-out>
    <![CDATA[test case d is passed ]]>
  </system-out>
  <testcase classname="testngGroupping.NewTest2" name="b" time="0.002"/>
  <system-out>
    <![CDATA[test case b is passed ]]>
  </system-out>
  <testcase classname="testngGroupping.NewTest2" name="c" time="0.002"/>
  <system-out>
    <![CDATA[test case c is passed ]]>
  </system-out>
  <testcase classname="testngGroupping.NewTest2" name="a" time="0.013"/>
  <system-out>
    <![CDATA[test case a is passed ]]>
  </system-out>
</testsuite> <!-- testngGroupping.NewTest2 -->
