<?xml version="1.0" encoding="UTF-8"?>
<!-- Generated by org.testng.reporters.JUnitReportReporter -->
<testsuite hostname="KN" failures="0" tests="2" name="TestngKeywords.InovaationCountuse" time="0.017" errors="0" timestamp="2022-06-23T13:34:11 IST" skipped="0">
  <testcase classname="TestngKeywords.InovaationCountuse" name="myTest" time="0.008"/>
  <system-out>
    <![CDATA[Hello]]>
  </system-out>
  <testcase classname="TestngKeywords.InovaationCountuse" name="myTest" time="0.009"/>
  <system-out>
    <![CDATA[Hello]]>
  </system-out>
</testsuite> <!-- TestngKeywords.InovaationCountuse -->
