<?xml version="1.0" encoding="UTF-8"?>
<!-- Generated by org.testng.reporters.JUnitReportReporter -->
<testsuite hostname="KN" failures="0" tests="6" name="TestngKeywords.PriorityUse" time="0.020" errors="0" timestamp="2022-06-23T13:40:12 IST" skipped="0">
  <testcase classname="TestngKeywords.PriorityUse" name="z" time="0.013"/>
  <system-out>
    <![CDATA[ yes im z prior  is running]]>
  </system-out>
  <testcase classname="TestngKeywords.PriorityUse" name="x" time="0.002"/>
  <system-out>
    <![CDATA[ yes im x prior  is running]]>
  </system-out>
  <testcase classname="TestngKeywords.PriorityUse" name="q" time="0.001"/>
  <system-out>
    <![CDATA[ yes im q prior  is running]]>
  </system-out>
  <testcase classname="TestngKeywords.PriorityUse" name="v" time="0.002"/>
  <system-out>
    <![CDATA[ yes im V prior  is running]]>
  </system-out>
  <testcase classname="TestngKeywords.PriorityUse" name="d" time="0.001"/>
  <system-out>
    <![CDATA[d is running]]>
  </system-out>
  <testcase classname="TestngKeywords.PriorityUse" name="a" time="0.001"/>
  <system-out>
    <![CDATA[a is running]]>
  </system-out>
</testsuite> <!-- TestngKeywords.PriorityUse -->
